<?xml version="1.0" encoding="utf-8"?><testsuites name="pytest tests"><testsuite name="pytest" errors="0" failures="0" skipped="0" tests="5" time="0.648" timestamp="2026-06-13T16:40:43.131823+00:00" hostname="agent-env-737ef7ed-3bc7-4a55-819e-d4c3bafd2bd2"><testcase classname="backend.tests.test_screener_api" name="test_api_root_returns_active_message" time="0.213" /><testcase classname="backend.tests.test_screener_api" name="test_feedback_create_returns_expected_payload" time="0.046" /><testcase classname="backend.tests.test_screener_api" name="test_feedback_rejects_too_short_message" time="0.043" /><testcase classname="backend.tests.test_screener_api" name="test_waitlist_create_then_update_same_email" time="0.089" /><testcase classname="backend.tests.test_screener_api" name="test_collection_summary_has_expected_shape" time="0.045" /></testsuite></testsuites>